Started GET "/" for 127.0.0.1 at 2019-07-22 16:59:42 -0400
Processing by Rails::WelcomeController#index as HTML
  Rendering /Users/adam/.rbenv/versions/2.5.1/lib/ruby/gems/2.5.0/gems/railties-5.2.3/lib/rails/templates/rails/welcome/index.html.erb
  Rendered /Users/adam/.rbenv/versions/2.5.1/lib/ruby/gems/2.5.0/gems/railties-5.2.3/lib/rails/templates/rails/welcome/index.html.erb (3.3ms)
Completed 200 OK in 24ms (Views: 10.9ms | ActiveRecord: 0.0ms)


  [1m[35m (3591.3ms)[0m  [1m[35mCREATE DATABASE "voices-of-consent_development" ENCODING = 'unicode'[0m
  ↳ bin/rails:9
  [1m[35m (2.6ms)[0m  [1m[35mCREATE DATABASE "voices-of-consent_development" ENCODING = 'unicode'[0m
  ↳ bin/rails:9
  [1m[35m (2504.8ms)[0m  [1m[35mCREATE DATABASE "voices-of-consent_test" ENCODING = 'unicode'[0m
  ↳ bin/rails:9
  [1m[35m (71.7ms)[0m  [1m[35mCREATE TABLE "schema_migrations" ("version" character varying NOT NULL PRIMARY KEY)[0m
  ↳ bin/rails:9
  [1m[35m (22.2ms)[0m  [1m[35mCREATE TABLE "ar_internal_metadata" ("key" character varying NOT NULL PRIMARY KEY, "value" character varying, "created_at" timestamp NOT NULL, "updated_at" timestamp NOT NULL)[0m
  ↳ bin/rails:9
  [1m[35m (2.7ms)[0m  [1m[34mSELECT pg_try_advisory_lock(6789176951200127295)[0m
  ↳ bin/rails:9
  [1m[35m (2.7ms)[0m  [1m[34mSELECT "schema_migrations"."version" FROM "schema_migrations" ORDER BY "schema_migrations"."version" ASC[0m
  ↳ bin/rails:9
  [1m[36mActiveRecord::InternalMetadata Load (2.6ms)[0m  [1m[34mSELECT  "ar_internal_metadata".* FROM "ar_internal_metadata" WHERE "ar_internal_metadata"."key" = $1 LIMIT $2[0m  [["key", "environment"], ["LIMIT", 1]]
  ↳ bin/rails:9
  [1m[35m (1.0ms)[0m  [1m[35mBEGIN[0m
  ↳ bin/rails:9
  [1m[36mActiveRecord::InternalMetadata Create (7.6ms)[0m  [1m[32mINSERT INTO "ar_internal_metadata" ("key", "value", "created_at", "updated_at") VALUES ($1, $2, $3, $4) RETURNING "key"[0m  [["key", "environment"], ["value", "development"], ["created_at", "2019-07-23 13:53:17.672489"], ["updated_at", "2019-07-23 13:53:17.672489"]]
  ↳ bin/rails:9
  [1m[35m (1.1ms)[0m  [1m[35mCOMMIT[0m
  ↳ bin/rails:9
  [1m[35m (1.4ms)[0m  [1m[34mSELECT pg_advisory_unlock(6789176951200127295)[0m
  ↳ bin/rails:9
  [1m[35m (0.9ms)[0m  [1m[34mSELECT "schema_migrations"."version" FROM "schema_migrations" ORDER BY "schema_migrations"."version" ASC[0m
  ↳ bin/rails:9
  [1m[35m (1.2ms)[0m  [1m[35mCREATE DATABASE "voices-of-consent_development" ENCODING = 'unicode'[0m
  ↳ bin/rails:9
  [1m[35m (1.5ms)[0m  [1m[35mCREATE DATABASE "voices-of-consent_test" ENCODING = 'unicode'[0m
  ↳ bin/rails:9
  [1m[35m (2.1ms)[0m  [1m[34mSELECT "schema_migrations"."version" FROM "schema_migrations" ORDER BY "schema_migrations"."version" ASC[0m
  ↳ bin/rails:9
  [1m[35m (0.9ms)[0m  [1m[34mSELECT "schema_migrations"."version" FROM "schema_migrations" ORDER BY "schema_migrations"."version" ASC[0m
  ↳ bin/rails:9
  [1m[35mSQL (3.6ms)[0m  [1m[35mCREATE EXTENSION IF NOT EXISTS "plpgsql"[0m
  ↳ db/schema.rb:16
  [1m[35m (2.1ms)[0m  [1m[34mSELECT "schema_migrations"."version" FROM "schema_migrations" ORDER BY "schema_migrations"."version" ASC[0m
  ↳ db/schema.rb:13
  [1m[35m (6.4ms)[0m  [1m[32mINSERT INTO "schema_migrations" (version) VALUES (0)[0m
  ↳ db/schema.rb:13
  [1m[36mActiveRecord::InternalMetadata Load (3.6ms)[0m  [1m[34mSELECT  "ar_internal_metadata".* FROM "ar_internal_metadata" WHERE "ar_internal_metadata"."key" = $1 LIMIT $2[0m  [["key", "environment"], ["LIMIT", 1]]
  ↳ db/schema.rb:13
  [1m[35m (1.3ms)[0m  [1m[35mBEGIN[0m
  ↳ db/schema.rb:13
  [1m[35m (1.1ms)[0m  [1m[35mCOMMIT[0m
  ↳ db/schema.rb:13
  [1m[36mActiveRecord::InternalMetadata Load (1.1ms)[0m  [1m[34mSELECT  "ar_internal_metadata".* FROM "ar_internal_metadata" WHERE "ar_internal_metadata"."key" = $1 LIMIT $2[0m  [["key", "environment"], ["LIMIT", 1]]
  ↳ bin/rails:9
  [1m[35m (1.0ms)[0m  [1m[35mBEGIN[0m
  ↳ bin/rails:9
  [1m[35m (1.0ms)[0m  [1m[35mCOMMIT[0m
  ↳ bin/rails:9
  [1m[35mSQL (2.9ms)[0m  [1m[35mCREATE EXTENSION IF NOT EXISTS "plpgsql"[0m
  ↳ db/schema.rb:16
  [1m[35m (109.9ms)[0m  [1m[35mCREATE TABLE "schema_migrations" ("version" character varying NOT NULL PRIMARY KEY)[0m
  ↳ db/schema.rb:13
  [1m[35m (2.1ms)[0m  [1m[34mSELECT "schema_migrations"."version" FROM "schema_migrations" ORDER BY "schema_migrations"."version" ASC[0m
  ↳ db/schema.rb:13
  [1m[35m (4.0ms)[0m  [1m[32mINSERT INTO "schema_migrations" (version) VALUES (0)[0m
  ↳ db/schema.rb:13
  [1m[35m (22.2ms)[0m  [1m[35mCREATE TABLE "ar_internal_metadata" ("key" character varying NOT NULL PRIMARY KEY, "value" character varying, "created_at" timestamp NOT NULL, "updated_at" timestamp NOT NULL)[0m
  ↳ db/schema.rb:13
  [1m[36mActiveRecord::InternalMetadata Load (2.1ms)[0m  [1m[34mSELECT  "ar_internal_metadata".* FROM "ar_internal_metadata" WHERE "ar_internal_metadata"."key" = $1 LIMIT $2[0m  [["key", "environment"], ["LIMIT", 1]]
  ↳ db/schema.rb:13
  [1m[35m (0.7ms)[0m  [1m[35mBEGIN[0m
  ↳ db/schema.rb:13
  [1m[36mActiveRecord::InternalMetadata Create (4.4ms)[0m  [1m[32mINSERT INTO "ar_internal_metadata" ("key", "value", "created_at", "updated_at") VALUES ($1, $2, $3, $4) RETURNING "key"[0m  [["key", "environment"], ["value", "development"], ["created_at", "2019-07-23 13:53:28.205595"], ["updated_at", "2019-07-23 13:53:28.205595"]]
  ↳ db/schema.rb:13
  [1m[35m (1.1ms)[0m  [1m[35mCOMMIT[0m
  ↳ db/schema.rb:13
  [1m[36mActiveRecord::InternalMetadata Load (1.6ms)[0m  [1m[34mSELECT  "ar_internal_metadata".* FROM "ar_internal_metadata" WHERE "ar_internal_metadata"."key" = $1 LIMIT $2[0m  [["key", "environment"], ["LIMIT", 1]]
  ↳ bin/rails:9
  [1m[35m (0.6ms)[0m  [1m[35mBEGIN[0m
  ↳ bin/rails:9
  [1m[36mActiveRecord::InternalMetadata Update (0.8ms)[0m  [1m[33mUPDATE "ar_internal_metadata" SET "value" = $1, "updated_at" = $2 WHERE "ar_internal_metadata"."key" = $3[0m  [["value", "test"], ["updated_at", "2019-07-23 13:53:28.216916"], ["key", "environment"]]
  ↳ bin/rails:9
  [1m[35m (1.2ms)[0m  [1m[35mCOMMIT[0m
  ↳ bin/rails:9
  [1m[35m (3.9ms)[0m  [1m[34mSELECT "schema_migrations"."version" FROM "schema_migrations" ORDER BY "schema_migrations"."version" ASC[0m
  ↳ bin/rails:9
Started GET "/" for ::1 at 2019-07-23 10:00:28 -0400
Processing by HomeController#index as HTML
  Rendering home/index.html.erb within layouts/application
  Rendered home/index.html.erb within layouts/application (1.3ms)
Completed 200 OK in 3303ms (Views: 3295.7ms | ActiveRecord: 0.0ms)


Started GET "/" for ::1 at 2019-07-23 10:01:55 -0400
Processing by HomeController#index as HTML
  Rendering home/index.html.erb within layouts/application
  Rendered home/index.html.erb within layouts/application (0.3ms)
[Webpacker] Compiling…
[Webpacker] Compiled all packs in /Users/adam/projects/voices-of-consent/public/packs
Completed 200 OK in 6644ms (Views: 6642.2ms | ActiveRecord: 0.0ms)


Started GET "/" for ::1 at 2019-07-23 10:15:45 -0400
Processing by HomeController#index as HTML
  Rendering home/index.html.erb within layouts/application
  Rendered home/index.html.erb within layouts/application (0.6ms)
Completed 200 OK in 64ms (Views: 61.5ms | ActiveRecord: 0.0ms)


Started GET "/" for ::1 at 2019-07-23 10:15:54 -0400
Processing by HomeController#index as HTML
  Rendering home/index.html.erb within layouts/application
  Rendered home/index.html.erb within layouts/application (0.3ms)
  Rendered shared/_navigation.html.erb (0.4ms)
Completed 200 OK in 32ms (Views: 31.0ms | ActiveRecord: 0.0ms)


Started GET "/" for ::1 at 2019-07-23 10:16:04 -0400
Processing by HomeController#index as HTML
  Rendering home/index.html.erb within layouts/application
  Rendered home/index.html.erb within layouts/application (0.5ms)
  Rendered shared/_navigation.html.erb (0.4ms)
Completed 200 OK in 45ms (Views: 42.0ms | ActiveRecord: 0.0ms)


Started GET "/" for ::1 at 2019-07-23 10:16:24 -0400
Processing by HomeController#index as HTML
  Rendering home/index.html.erb within layouts/application
  Rendered home/index.html.erb within layouts/application (0.4ms)
  Rendered shared/_navigation.html.erb (0.5ms)
Completed 200 OK in 1000ms (Views: 997.9ms | ActiveRecord: 0.0ms)


Started GET "/" for ::1 at 2019-07-23 10:17:27 -0400
Processing by HomeController#index as HTML
  Rendering home/index.html.erb within layouts/application
  Rendered home/index.html.erb within layouts/application (0.5ms)
  Rendered shared/_navigation.html.erb (0.4ms)
Completed 200 OK in 35ms (Views: 33.0ms | ActiveRecord: 0.0ms)


Started GET "/" for ::1 at 2019-07-23 10:18:38 -0400
Processing by HomeController#index as HTML
  Rendering home/index.html.erb within layouts/application
  Rendered home/index.html.erb within layouts/application (0.8ms)
  Rendered shared/_navigation.html.erb (0.5ms)
Completed 200 OK in 53ms (Views: 50.4ms | ActiveRecord: 0.0ms)


Started GET "/" for ::1 at 2019-07-23 10:19:29 -0400
Processing by HomeController#index as HTML
  Rendering home/index.html.erb within layouts/application
  Rendered home/index.html.erb within layouts/application (1.2ms)
  Rendered shared/_navigation.html.erb (0.4ms)
  Rendered shared/_sidebar.html.erb (0.2ms)
Completed 200 OK in 39ms (Views: 36.7ms | ActiveRecord: 0.0ms)


Started GET "/" for ::1 at 2019-07-23 10:19:58 -0400
Processing by HomeController#index as HTML
  Rendering home/index.html.erb within layouts/application
  Rendered home/index.html.erb within layouts/application (0.5ms)
  Rendered shared/_navigation.html.erb (0.3ms)
  Rendered shared/_sidebar.html.erb (0.5ms)
Completed 200 OK in 41ms (Views: 39.2ms | ActiveRecord: 0.0ms)


Started GET "/" for ::1 at 2019-07-23 10:20:03 -0400
Processing by HomeController#index as HTML
  Rendering home/index.html.erb within layouts/application
  Rendered home/index.html.erb within layouts/application (0.5ms)
  Rendered shared/_navigation.html.erb (0.3ms)
  Rendered shared/_sidebar.html.erb (0.4ms)
Completed 200 OK in 46ms (Views: 43.7ms | ActiveRecord: 0.0ms)


Started GET "/" for ::1 at 2019-07-23 10:20:04 -0400
Processing by HomeController#index as HTML
  Rendering home/index.html.erb within layouts/application
  Rendered home/index.html.erb within layouts/application (0.8ms)
  Rendered shared/_navigation.html.erb (0.3ms)
  Rendered shared/_sidebar.html.erb (0.2ms)
Completed 200 OK in 43ms (Views: 40.6ms | ActiveRecord: 0.0ms)


Started GET "/" for ::1 at 2019-07-23 10:20:05 -0400
Processing by HomeController#index as HTML
  Rendering home/index.html.erb within layouts/application
  Rendered home/index.html.erb within layouts/application (0.5ms)
  Rendered shared/_navigation.html.erb (0.4ms)
  Rendered shared/_sidebar.html.erb (0.2ms)
Completed 200 OK in 40ms (Views: 38.6ms | ActiveRecord: 0.0ms)


Started GET "/" for ::1 at 2019-07-23 10:20:18 -0400
Processing by HomeController#index as HTML
  Rendering home/index.html.erb within layouts/application
  Rendered home/index.html.erb within layouts/application (0.8ms)
  Rendered shared/_navigation.html.erb (0.4ms)
  Rendered shared/_sidebar.html.erb (0.4ms)
Completed 200 OK in 108ms (Views: 105.1ms | ActiveRecord: 0.0ms)


Started GET "/" for ::1 at 2019-07-23 10:20:30 -0400
Processing by HomeController#index as HTML
  Rendering home/index.html.erb within layouts/application
  Rendered home/index.html.erb within layouts/application (0.4ms)
Completed 500 Internal Server Error in 37ms (ActiveRecord: 0.0ms)


  
ActionView::Template::Error (couldn't find file 'jquery' with type 'application/javascript'
Checked in these paths: 
  /Users/adam/projects/voices-of-consent/app/assets/config
  /Users/adam/projects/voices-of-consent/app/assets/images
  /Users/adam/projects/voices-of-consent/app/assets/javascripts
  /Users/adam/projects/voices-of-consent/app/assets/stylesheets
  /Users/adam/.rbenv/versions/2.5.1/lib/ruby/gems/2.5.0/gems/coffee-rails-4.2.2/lib/assets/javascripts
  /Users/adam/.rbenv/versions/2.5.1/lib/ruby/gems/2.5.0/gems/actioncable-5.2.3/lib/assets/compiled
  /Users/adam/.rbenv/versions/2.5.1/lib/ruby/gems/2.5.0/gems/activestorage-5.2.3/app/assets/javascripts
  /Users/adam/.rbenv/versions/2.5.1/lib/ruby/gems/2.5.0/gems/actionview-5.2.3/lib/assets/compiled
  /Users/adam/.rbenv/versions/2.5.1/lib/ruby/gems/2.5.0/gems/turbolinks-source-5.2.0/lib/assets/javascripts
  /Users/adam/projects/voices-of-consent/node_modules
  /Users/adam/.rbenv/versions/2.5.1/lib/ruby/gems/2.5.0/gems/popper_js-1.14.5/assets/javascripts
  /Users/adam/.rbenv/versions/2.5.1/lib/ruby/gems/2.5.0/gems/bootstrap-4.3.1/assets/stylesheets
  /Users/adam/.rbenv/versions/2.5.1/lib/ruby/gems/2.5.0/gems/bootstrap-4.3.1/assets/javascripts):
    11:     <meta name="author" content="Ruby for Good">
    12: 
    13:     <%= stylesheet_link_tag    'application', media: 'all', 'data-turbolinks-track': 'reload' %>
    14:     <%= javascript_include_tag 'application', 'data-turbolinks-track': 'reload' %>
    15: 
    16:     <%= javascript_pack_tag 'application', 'data-turbolinks-track': 'reload' %>
    17:     <%= stylesheet_pack_tag 'application', 'data-turbolinks-track': 'reload' %>
  
app/assets/javascripts/application.js:16
app/views/layouts/application.html.erb:14:in `_app_views_layouts_application_html_erb__51458608114455534_70351292751300'
Started GET "/" for ::1 at 2019-07-23 10:21:47 -0400
Processing by HomeController#index as HTML
  Rendering home/index.html.erb within layouts/application
  Rendered home/index.html.erb within layouts/application (0.5ms)
Completed 500 Internal Server Error in 25ms (ActiveRecord: 0.0ms)


  
ActionView::Template::Error (couldn't find file 'jquery' with type 'application/javascript'
Checked in these paths: 
  /Users/adam/projects/voices-of-consent/app/assets/config
  /Users/adam/projects/voices-of-consent/app/assets/images
  /Users/adam/projects/voices-of-consent/app/assets/javascripts
  /Users/adam/projects/voices-of-consent/app/assets/stylesheets
  /Users/adam/.rbenv/versions/2.5.1/lib/ruby/gems/2.5.0/gems/coffee-rails-4.2.2/lib/assets/javascripts
  /Users/adam/.rbenv/versions/2.5.1/lib/ruby/gems/2.5.0/gems/actioncable-5.2.3/lib/assets/compiled
  /Users/adam/.rbenv/versions/2.5.1/lib/ruby/gems/2.5.0/gems/activestorage-5.2.3/app/assets/javascripts
  /Users/adam/.rbenv/versions/2.5.1/lib/ruby/gems/2.5.0/gems/actionview-5.2.3/lib/assets/compiled
  /Users/adam/.rbenv/versions/2.5.1/lib/ruby/gems/2.5.0/gems/turbolinks-source-5.2.0/lib/assets/javascripts
  /Users/adam/projects/voices-of-consent/node_modules
  /Users/adam/.rbenv/versions/2.5.1/lib/ruby/gems/2.5.0/gems/popper_js-1.14.5/assets/javascripts
  /Users/adam/.rbenv/versions/2.5.1/lib/ruby/gems/2.5.0/gems/bootstrap-4.3.1/assets/stylesheets
  /Users/adam/.rbenv/versions/2.5.1/lib/ruby/gems/2.5.0/gems/bootstrap-4.3.1/assets/javascripts):
    11:     <meta name="author" content="Ruby for Good">
    12: 
    13:     <%= stylesheet_link_tag    'application', media: 'all', 'data-turbolinks-track': 'reload' %>
    14:     <%= javascript_include_tag 'application', 'data-turbolinks-track': 'reload' %>
    15: 
    16:     <%= javascript_pack_tag 'application', 'data-turbolinks-track': 'reload' %>
    17:     <%= stylesheet_pack_tag 'application', 'data-turbolinks-track': 'reload' %>
  
app/assets/javascripts/application.js:16
app/views/layouts/application.html.erb:14:in `_app_views_layouts_application_html_erb__51458608114455534_70351284427700'
Started GET "/" for ::1 at 2019-07-23 10:22:44 -0400
Processing by HomeController#index as HTML
  Rendering home/index.html.erb within layouts/application
  Rendered home/index.html.erb within layouts/application (1.7ms)
  Rendered shared/_navigation.html.erb (0.4ms)
  Rendered shared/_sidebar.html.erb (0.3ms)
Completed 200 OK in 3108ms (Views: 3097.8ms | ActiveRecord: 0.0ms)


Started GET "/full-width.html" for ::1 at 2019-07-23 10:22:51 -0400
  
ActionController::RoutingError (No route matches [GET] "/full-width.html"):
  
actionpack (5.2.3) lib/action_dispatch/middleware/debug_exceptions.rb:65:in `call'
web-console (3.7.0) lib/web_console/middleware.rb:135:in `call_app'
web-console (3.7.0) lib/web_console/middleware.rb:30:in `block in call'
web-console (3.7.0) lib/web_console/middleware.rb:20:in `catch'
web-console (3.7.0) lib/web_console/middleware.rb:20:in `call'
actionpack (5.2.3) lib/action_dispatch/middleware/show_exceptions.rb:33:in `call'
railties (5.2.3) lib/rails/rack/logger.rb:38:in `call_app'
railties (5.2.3) lib/rails/rack/logger.rb:26:in `block in call'
activesupport (5.2.3) lib/active_support/tagged_logging.rb:71:in `block in tagged'
activesupport (5.2.3) lib/active_support/tagged_logging.rb:28:in `tagged'
activesupport (5.2.3) lib/active_support/tagged_logging.rb:71:in `tagged'
railties (5.2.3) lib/rails/rack/logger.rb:26:in `call'
sprockets-rails (3.2.1) lib/sprockets/rails/quiet_assets.rb:13:in `call'
actionpack (5.2.3) lib/action_dispatch/middleware/remote_ip.rb:81:in `call'
actionpack (5.2.3) lib/action_dispatch/middleware/request_id.rb:27:in `call'
rack (2.0.7) lib/rack/method_override.rb:22:in `call'
rack (2.0.7) lib/rack/runtime.rb:22:in `call'
activesupport (5.2.3) lib/active_support/cache/strategy/local_cache_middleware.rb:29:in `call'
actionpack (5.2.3) lib/action_dispatch/middleware/executor.rb:14:in `call'
actionpack (5.2.3) lib/action_dispatch/middleware/static.rb:127:in `call'
rack (2.0.7) lib/rack/sendfile.rb:111:in `call'
webpacker (4.0.7) lib/webpacker/dev_server_proxy.rb:29:in `perform_request'
rack-proxy (0.6.5) lib/rack/proxy.rb:57:in `call'
railties (5.2.3) lib/rails/engine.rb:524:in `call'
puma (3.12.1) lib/puma/configuration.rb:227:in `call'
puma (3.12.1) lib/puma/server.rb:660:in `handle_request'
puma (3.12.1) lib/puma/server.rb:474:in `process_client'
puma (3.12.1) lib/puma/server.rb:334:in `block in run'
puma (3.12.1) lib/puma/thread_pool.rb:135:in `block in spawn_thread'
Started GET "/" for ::1 at 2019-07-23 10:22:53 -0400
Processing by HomeController#index as HTML
  Rendering home/index.html.erb within layouts/application
  Rendered home/index.html.erb within layouts/application (0.7ms)
  Rendered shared/_navigation.html.erb (0.5ms)
  Rendered shared/_sidebar.html.erb (0.3ms)
Completed 200 OK in 41ms (Views: 39.0ms | ActiveRecord: 0.0ms)


Started GET "/" for ::1 at 2019-07-23 10:30:17 -0400
Processing by HomeController#index as HTML
Completed 500 Internal Server Error in 264ms (ActiveRecord: 0.0ms)


  
NameError (Could not render layout: undefined local variable or method `application_full' for #<HomeController:0x00007ffd81237c20>):
  
actionview (5.2.3) lib/action_view/layouts.rb:418:in `rescue in _default_layout'
actionview (5.2.3) lib/action_view/layouts.rb:415:in `_default_layout'
actionview (5.2.3) lib/action_view/layouts.rb:392:in `block in _layout_for_option'
actionview (5.2.3) lib/action_view/renderer/template_renderer.rb:96:in `resolve_layout'
actionview (5.2.3) lib/action_view/renderer/template_renderer.rb:76:in `find_layout'
actionview (5.2.3) lib/action_view/renderer/template_renderer.rb:60:in `render_with_layout'
actionview (5.2.3) lib/action_view/renderer/template_renderer.rb:52:in `render_template'
actionview (5.2.3) lib/action_view/renderer/template_renderer.rb:16:in `render'
actionview (5.2.3) lib/action_view/renderer/renderer.rb:44:in `render_template'
actionview (5.2.3) lib/action_view/renderer/renderer.rb:25:in `render'
actionview (5.2.3) lib/action_view/rendering.rb:103:in `_render_template'
actionpack (5.2.3) lib/action_controller/metal/streaming.rb:219:in `_render_template'
actionview (5.2.3) lib/action_view/rendering.rb:84:in `render_to_body'
actionpack (5.2.3) lib/action_controller/metal/rendering.rb:52:in `render_to_body'
actionpack (5.2.3) lib/action_controller/metal/renderers.rb:142:in `render_to_body'
actionpack (5.2.3) lib/abstract_controller/rendering.rb:25:in `render'
actionpack (5.2.3) lib/action_controller/metal/rendering.rb:36:in `render'
actionpack (5.2.3) lib/action_controller/metal/instrumentation.rb:46:in `block (2 levels) in render'
activesupport (5.2.3) lib/active_support/core_ext/benchmark.rb:14:in `block in ms'
/Users/adam/.rbenv/versions/2.5.1/lib/ruby/2.5.0/benchmark.rb:308:in `realtime'
activesupport (5.2.3) lib/active_support/core_ext/benchmark.rb:14:in `ms'
actionpack (5.2.3) lib/action_controller/metal/instrumentation.rb:46:in `block in render'
actionpack (5.2.3) lib/action_controller/metal/instrumentation.rb:87:in `cleanup_view_runtime'
activerecord (5.2.3) lib/active_record/railties/controller_runtime.rb:31:in `cleanup_view_runtime'
actionpack (5.2.3) lib/action_controller/metal/instrumentation.rb:45:in `render'
actionpack (5.2.3) lib/action_controller/metal/implicit_render.rb:35:in `default_render'
actionpack (5.2.3) lib/action_controller/metal/basic_implicit_render.rb:6:in `block in send_action'
actionpack (5.2.3) lib/action_controller/metal/basic_implicit_render.rb:6:in `tap'
actionpack (5.2.3) lib/action_controller/metal/basic_implicit_render.rb:6:in `send_action'
actionpack (5.2.3) lib/abstract_controller/base.rb:194:in `process_action'
actionpack (5.2.3) lib/action_controller/metal/rendering.rb:30:in `process_action'
actionpack (5.2.3) lib/abstract_controller/callbacks.rb:42:in `block in process_action'
activesupport (5.2.3) lib/active_support/callbacks.rb:132:in `run_callbacks'
actionpack (5.2.3) lib/abstract_controller/callbacks.rb:41:in `process_action'
actionpack (5.2.3) lib/action_controller/metal/rescue.rb:22:in `process_action'
actionpack (5.2.3) lib/action_controller/metal/instrumentation.rb:34:in `block in process_action'
activesupport (5.2.3) lib/active_support/notifications.rb:168:in `block in instrument'
activesupport (5.2.3) lib/active_support/notifications/instrumenter.rb:23:in `instrument'
activesupport (5.2.3) lib/active_support/notifications.rb:168:in `instrument'
actionpack (5.2.3) lib/action_controller/metal/instrumentation.rb:32:in `process_action'
actionpack (5.2.3) lib/action_controller/metal/params_wrapper.rb:256:in `process_action'
activerecord (5.2.3) lib/active_record/railties/controller_runtime.rb:24:in `process_action'
actionpack (5.2.3) lib/abstract_controller/base.rb:134:in `process'
actionview (5.2.3) lib/action_view/rendering.rb:32:in `process'
actionpack (5.2.3) lib/action_controller/metal.rb:191:in `dispatch'
actionpack (5.2.3) lib/action_controller/metal.rb:252:in `dispatch'
actionpack (5.2.3) lib/action_dispatch/routing/route_set.rb:52:in `dispatch'
actionpack (5.2.3) lib/action_dispatch/routing/route_set.rb:34:in `serve'
actionpack (5.2.3) lib/action_dispatch/journey/router.rb:52:in `block in serve'
actionpack (5.2.3) lib/action_dispatch/journey/router.rb:35:in `each'
actionpack (5.2.3) lib/action_dispatch/journey/router.rb:35:in `serve'
actionpack (5.2.3) lib/action_dispatch/routing/route_set.rb:840:in `call'
warden (1.2.8) lib/warden/manager.rb:36:in `block in call'
warden (1.2.8) lib/warden/manager.rb:34:in `catch'
warden (1.2.8) lib/warden/manager.rb:34:in `call'
rack (2.0.7) lib/rack/tempfile_reaper.rb:15:in `call'
rack (2.0.7) lib/rack/etag.rb:25:in `call'
rack (2.0.7) lib/rack/conditional_get.rb:25:in `call'
rack (2.0.7) lib/rack/head.rb:12:in `call'
actionpack (5.2.3) lib/action_dispatch/http/content_security_policy.rb:18:in `call'
rack (2.0.7) lib/rack/session/abstract/id.rb:232:in `context'
rack (2.0.7) lib/rack/session/abstract/id.rb:226:in `call'
actionpack (5.2.3) lib/action_dispatch/middleware/cookies.rb:670:in `call'
activerecord (5.2.3) lib/active_record/migration.rb:559:in `call'
actionpack (5.2.3) lib/action_dispatch/middleware/callbacks.rb:28:in `block in call'
activesupport (5.2.3) lib/active_support/callbacks.rb:98:in `run_callbacks'
actionpack (5.2.3) lib/action_dispatch/middleware/callbacks.rb:26:in `call'
actionpack (5.2.3) lib/action_dispatch/middleware/executor.rb:14:in `call'
actionpack (5.2.3) lib/action_dispatch/middleware/debug_exceptions.rb:61:in `call'
web-console (3.7.0) lib/web_console/middleware.rb:135:in `call_app'
web-console (3.7.0) lib/web_console/middleware.rb:30:in `block in call'
web-console (3.7.0) lib/web_console/middleware.rb:20:in `catch'
web-console (3.7.0) lib/web_console/middleware.rb:20:in `call'
actionpack (5.2.3) lib/action_dispatch/middleware/show_exceptions.rb:33:in `call'
railties (5.2.3) lib/rails/rack/logger.rb:38:in `call_app'
railties (5.2.3) lib/rails/rack/logger.rb:26:in `block in call'
activesupport (5.2.3) lib/active_support/tagged_logging.rb:71:in `block in tagged'
activesupport (5.2.3) lib/active_support/tagged_logging.rb:28:in `tagged'
activesupport (5.2.3) lib/active_support/tagged_logging.rb:71:in `tagged'
railties (5.2.3) lib/rails/rack/logger.rb:26:in `call'
sprockets-rails (3.2.1) lib/sprockets/rails/quiet_assets.rb:13:in `call'
actionpack (5.2.3) lib/action_dispatch/middleware/remote_ip.rb:81:in `call'
actionpack (5.2.3) lib/action_dispatch/middleware/request_id.rb:27:in `call'
rack (2.0.7) lib/rack/method_override.rb:22:in `call'
rack (2.0.7) lib/rack/runtime.rb:22:in `call'
activesupport (5.2.3) lib/active_support/cache/strategy/local_cache_middleware.rb:29:in `call'
actionpack (5.2.3) lib/action_dispatch/middleware/executor.rb:14:in `call'
actionpack (5.2.3) lib/action_dispatch/middleware/static.rb:127:in `call'
rack (2.0.7) lib/rack/sendfile.rb:111:in `call'
webpacker (4.0.7) lib/webpacker/dev_server_proxy.rb:29:in `perform_request'
rack-proxy (0.6.5) lib/rack/proxy.rb:57:in `call'
railties (5.2.3) lib/rails/engine.rb:524:in `call'
puma (3.12.1) lib/puma/configuration.rb:227:in `call'
puma (3.12.1) lib/puma/server.rb:660:in `handle_request'
puma (3.12.1) lib/puma/server.rb:474:in `process_client'
puma (3.12.1) lib/puma/server.rb:334:in `block in run'
puma (3.12.1) lib/puma/thread_pool.rb:135:in `block in spawn_thread'
Started GET "/" for ::1 at 2019-07-23 10:31:05 -0400
Processing by HomeController#index as HTML
Completed 500 Internal Server Error in 255ms (ActiveRecord: 0.0ms)


  
NameError (Could not render layout: undefined local variable or method `application_full' for #<HomeController:0x00007ffd8320a048>):
  
actionview (5.2.3) lib/action_view/layouts.rb:418:in `rescue in _default_layout'
actionview (5.2.3) lib/action_view/layouts.rb:415:in `_default_layout'
actionview (5.2.3) lib/action_view/layouts.rb:392:in `block in _layout_for_option'
actionview (5.2.3) lib/action_view/renderer/template_renderer.rb:96:in `resolve_layout'
actionview (5.2.3) lib/action_view/renderer/template_renderer.rb:76:in `find_layout'
actionview (5.2.3) lib/action_view/renderer/template_renderer.rb:60:in `render_with_layout'
actionview (5.2.3) lib/action_view/renderer/template_renderer.rb:52:in `render_template'
actionview (5.2.3) lib/action_view/renderer/template_renderer.rb:16:in `render'
actionview (5.2.3) lib/action_view/renderer/renderer.rb:44:in `render_template'
actionview (5.2.3) lib/action_view/renderer/renderer.rb:25:in `render'
actionview (5.2.3) lib/action_view/rendering.rb:103:in `_render_template'
actionpack (5.2.3) lib/action_controller/metal/streaming.rb:219:in `_render_template'
actionview (5.2.3) lib/action_view/rendering.rb:84:in `render_to_body'
actionpack (5.2.3) lib/action_controller/metal/rendering.rb:52:in `render_to_body'
actionpack (5.2.3) lib/action_controller/metal/renderers.rb:142:in `render_to_body'
actionpack (5.2.3) lib/abstract_controller/rendering.rb:25:in `render'
actionpack (5.2.3) lib/action_controller/metal/rendering.rb:36:in `render'
actionpack (5.2.3) lib/action_controller/metal/instrumentation.rb:46:in `block (2 levels) in render'
activesupport (5.2.3) lib/active_support/core_ext/benchmark.rb:14:in `block in ms'
/Users/adam/.rbenv/versions/2.5.1/lib/ruby/2.5.0/benchmark.rb:308:in `realtime'
activesupport (5.2.3) lib/active_support/core_ext/benchmark.rb:14:in `ms'
actionpack (5.2.3) lib/action_controller/metal/instrumentation.rb:46:in `block in render'
actionpack (5.2.3) lib/action_controller/metal/instrumentation.rb:87:in `cleanup_view_runtime'
activerecord (5.2.3) lib/active_record/railties/controller_runtime.rb:31:in `cleanup_view_runtime'
actionpack (5.2.3) lib/action_controller/metal/instrumentation.rb:45:in `render'
actionpack (5.2.3) lib/action_controller/metal/implicit_render.rb:35:in `default_render'
actionpack (5.2.3) lib/action_controller/metal/basic_implicit_render.rb:6:in `block in send_action'
actionpack (5.2.3) lib/action_controller/metal/basic_implicit_render.rb:6:in `tap'
actionpack (5.2.3) lib/action_controller/metal/basic_implicit_render.rb:6:in `send_action'
actionpack (5.2.3) lib/abstract_controller/base.rb:194:in `process_action'
actionpack (5.2.3) lib/action_controller/metal/rendering.rb:30:in `process_action'
actionpack (5.2.3) lib/abstract_controller/callbacks.rb:42:in `block in process_action'
activesupport (5.2.3) lib/active_support/callbacks.rb:132:in `run_callbacks'
actionpack (5.2.3) lib/abstract_controller/callbacks.rb:41:in `process_action'
actionpack (5.2.3) lib/action_controller/metal/rescue.rb:22:in `process_action'
actionpack (5.2.3) lib/action_controller/metal/instrumentation.rb:34:in `block in process_action'
activesupport (5.2.3) lib/active_support/notifications.rb:168:in `block in instrument'
activesupport (5.2.3) lib/active_support/notifications/instrumenter.rb:23:in `instrument'
activesupport (5.2.3) lib/active_support/notifications.rb:168:in `instrument'
actionpack (5.2.3) lib/action_controller/metal/instrumentation.rb:32:in `process_action'
actionpack (5.2.3) lib/action_controller/metal/params_wrapper.rb:256:in `process_action'
activerecord (5.2.3) lib/active_record/railties/controller_runtime.rb:24:in `process_action'
actionpack (5.2.3) lib/abstract_controller/base.rb:134:in `process'
actionview (5.2.3) lib/action_view/rendering.rb:32:in `process'
actionpack (5.2.3) lib/action_controller/metal.rb:191:in `dispatch'
actionpack (5.2.3) lib/action_controller/metal.rb:252:in `dispatch'
actionpack (5.2.3) lib/action_dispatch/routing/route_set.rb:52:in `dispatch'
actionpack (5.2.3) lib/action_dispatch/routing/route_set.rb:34:in `serve'
actionpack (5.2.3) lib/action_dispatch/journey/router.rb:52:in `block in serve'
actionpack (5.2.3) lib/action_dispatch/journey/router.rb:35:in `each'
actionpack (5.2.3) lib/action_dispatch/journey/router.rb:35:in `serve'
actionpack (5.2.3) lib/action_dispatch/routing/route_set.rb:840:in `call'
warden (1.2.8) lib/warden/manager.rb:36:in `block in call'
warden (1.2.8) lib/warden/manager.rb:34:in `catch'
warden (1.2.8) lib/warden/manager.rb:34:in `call'
rack (2.0.7) lib/rack/tempfile_reaper.rb:15:in `call'
rack (2.0.7) lib/rack/etag.rb:25:in `call'
rack (2.0.7) lib/rack/conditional_get.rb:25:in `call'
rack (2.0.7) lib/rack/head.rb:12:in `call'
actionpack (5.2.3) lib/action_dispatch/http/content_security_policy.rb:18:in `call'
rack (2.0.7) lib/rack/session/abstract/id.rb:232:in `context'
rack (2.0.7) lib/rack/session/abstract/id.rb:226:in `call'
actionpack (5.2.3) lib/action_dispatch/middleware/cookies.rb:670:in `call'
activerecord (5.2.3) lib/active_record/migration.rb:559:in `call'
actionpack (5.2.3) lib/action_dispatch/middleware/callbacks.rb:28:in `block in call'
activesupport (5.2.3) lib/active_support/callbacks.rb:98:in `run_callbacks'
actionpack (5.2.3) lib/action_dispatch/middleware/callbacks.rb:26:in `call'
actionpack (5.2.3) lib/action_dispatch/middleware/executor.rb:14:in `call'
actionpack (5.2.3) lib/action_dispatch/middleware/debug_exceptions.rb:61:in `call'
web-console (3.7.0) lib/web_console/middleware.rb:135:in `call_app'
web-console (3.7.0) lib/web_console/middleware.rb:30:in `block in call'
web-console (3.7.0) lib/web_console/middleware.rb:20:in `catch'
web-console (3.7.0) lib/web_console/middleware.rb:20:in `call'
actionpack (5.2.3) lib/action_dispatch/middleware/show_exceptions.rb:33:in `call'
railties (5.2.3) lib/rails/rack/logger.rb:38:in `call_app'
railties (5.2.3) lib/rails/rack/logger.rb:26:in `block in call'
activesupport (5.2.3) lib/active_support/tagged_logging.rb:71:in `block in tagged'
activesupport (5.2.3) lib/active_support/tagged_logging.rb:28:in `tagged'
activesupport (5.2.3) lib/active_support/tagged_logging.rb:71:in `tagged'
railties (5.2.3) lib/rails/rack/logger.rb:26:in `call'
sprockets-rails (3.2.1) lib/sprockets/rails/quiet_assets.rb:13:in `call'
actionpack (5.2.3) lib/action_dispatch/middleware/remote_ip.rb:81:in `call'
actionpack (5.2.3) lib/action_dispatch/middleware/request_id.rb:27:in `call'
rack (2.0.7) lib/rack/method_override.rb:22:in `call'
rack (2.0.7) lib/rack/runtime.rb:22:in `call'
activesupport (5.2.3) lib/active_support/cache/strategy/local_cache_middleware.rb:29:in `call'
actionpack (5.2.3) lib/action_dispatch/middleware/executor.rb:14:in `call'
actionpack (5.2.3) lib/action_dispatch/middleware/static.rb:127:in `call'
rack (2.0.7) lib/rack/sendfile.rb:111:in `call'
webpacker (4.0.7) lib/webpacker/dev_server_proxy.rb:29:in `perform_request'
rack-proxy (0.6.5) lib/rack/proxy.rb:57:in `call'
railties (5.2.3) lib/rails/engine.rb:524:in `call'
puma (3.12.1) lib/puma/configuration.rb:227:in `call'
puma (3.12.1) lib/puma/server.rb:660:in `handle_request'
puma (3.12.1) lib/puma/server.rb:474:in `process_client'
puma (3.12.1) lib/puma/server.rb:334:in `block in run'
puma (3.12.1) lib/puma/thread_pool.rb:135:in `block in spawn_thread'
Started GET "/" for ::1 at 2019-07-23 10:32:03 -0400
Processing by HomeController#index as HTML
  Rendering home/index.html.erb within layouts/application_full
  Rendered home/index.html.erb within layouts/application_full (0.6ms)
  Rendered shared/_navigation.html.erb (0.3ms)
  Rendered shared/_sidebar.html.erb (0.2ms)
Completed 200 OK in 42ms (Views: 39.5ms | ActiveRecord: 0.0ms)


Started GET "/" for ::1 at 2019-07-23 10:32:15 -0400
Processing by HomeController#index as HTML
  Rendering home/index.html.erb within layouts/application_full
  Rendered home/index.html.erb within layouts/application_full (0.6ms)
  Rendered shared/_navigation.html.erb (0.3ms)
Completed 200 OK in 35ms (Views: 33.1ms | ActiveRecord: 0.0ms)


Started GET "/contact" for ::1 at 2019-07-23 10:32:50 -0400
Processing by HomeController#contact as HTML
  Rendering home/contact.html.erb within layouts/application_full
  Rendered home/contact.html.erb within layouts/application_full (0.4ms)
  Rendered shared/_navigation.html.erb (0.3ms)
Completed 200 OK in 37ms (Views: 35.6ms | ActiveRecord: 0.0ms)


Started GET "/admin" for ::1 at 2019-07-23 10:32:52 -0400
Processing by HomeController#admin as HTML
Completed 500 Internal Server Error in 104ms (ActiveRecord: 0.0ms)


  
NoMethodError (undefined method `layout' for #<HomeController:0x00007ffd7e044fb0>
Did you mean?  _layout):
  
app/controllers/home_controller.rb:9:in `admin'
Started GET "/admin" for ::1 at 2019-07-23 10:33:09 -0400
Processing by HomeController#admin as HTML
  Rendering home/admin.html.erb within layouts/application_sidebar
  Rendered home/admin.html.erb within layouts/application_sidebar (0.6ms)
  Rendered shared/_navigation.html.erb (0.3ms)
  Rendered shared/_sidebar.html.erb (0.4ms)
  Rendered shared/_footer.html.erb (0.3ms)
Completed 200 OK in 46ms (Views: 45.8ms | ActiveRecord: 0.0ms)


Started GET "/contact" for ::1 at 2019-07-23 10:33:11 -0400
Processing by HomeController#contact as HTML
  Rendering home/contact.html.erb within layouts/application_full
  Rendered home/contact.html.erb within layouts/application_full (0.3ms)
  Rendered shared/_navigation.html.erb (0.6ms)
Completed 200 OK in 45ms (Views: 43.1ms | ActiveRecord: 0.0ms)


Started GET "/admin" for ::1 at 2019-07-23 10:33:12 -0400
Processing by HomeController#admin as HTML
  Rendering home/admin.html.erb within layouts/application_sidebar
  Rendered home/admin.html.erb within layouts/application_sidebar (0.5ms)
  Rendered shared/_navigation.html.erb (0.3ms)
  Rendered shared/_sidebar.html.erb (0.2ms)
  Rendered shared/_footer.html.erb (0.3ms)
Completed 200 OK in 36ms (Views: 35.1ms | ActiveRecord: 0.0ms)


Started GET "/contact" for ::1 at 2019-07-23 10:33:13 -0400
Processing by HomeController#contact as HTML
  Rendering home/contact.html.erb within layouts/application_full
  Rendered home/contact.html.erb within layouts/application_full (0.3ms)
  Rendered shared/_navigation.html.erb (0.3ms)
Completed 200 OK in 43ms (Views: 40.9ms | ActiveRecord: 0.0ms)


Started GET "/contact" for 127.0.0.1 at 2019-07-23 11:12:05 -0400
Processing by HomeController#contact as HTML
  Rendering home/contact.html.erb within layouts/application_full
  Rendered home/contact.html.erb within layouts/application_full (1.3ms)
  Rendered shared/_navigation.html.erb (0.5ms)
  Rendered shared/_footer.html.erb (0.5ms)
Completed 200 OK in 1839ms (Views: 1830.7ms | ActiveRecord: 0.0ms)


Started GET "/contact" for 127.0.0.1 at 2019-07-23 11:12:10 -0400
Processing by HomeController#contact as HTML
  Rendering home/contact.html.erb within layouts/application_full
  Rendered home/contact.html.erb within layouts/application_full (0.3ms)
  Rendered shared/_navigation.html.erb (0.3ms)
  Rendered shared/_footer.html.erb (0.2ms)
Completed 200 OK in 37ms (Views: 34.6ms | ActiveRecord: 0.0ms)


Started GET "/admin" for 127.0.0.1 at 2019-07-23 11:12:11 -0400
Processing by HomeController#admin as HTML
  Rendering home/admin.html.erb within layouts/application_sidebar
  Rendered home/admin.html.erb within layouts/application_sidebar (0.5ms)
  Rendered shared/_navigation.html.erb (0.3ms)
  Rendered shared/_sidebar.html.erb (0.5ms)
  Rendered shared/_footer.html.erb (0.4ms)
Completed 200 OK in 57ms (Views: 56.8ms | ActiveRecord: 0.0ms)


Started GET "/" for 127.0.0.1 at 2019-07-23 11:12:12 -0400
Processing by HomeController#index as HTML
  Rendering home/index.html.erb within layouts/application_full
  Rendered home/index.html.erb within layouts/application_full (0.5ms)
  Rendered shared/_navigation.html.erb (0.3ms)
  Rendered shared/_footer.html.erb (0.2ms)
Completed 200 OK in 42ms (Views: 39.4ms | ActiveRecord: 0.0ms)


